INFO:root:
Started
INFO:root:Image #0

INFO:root:Feature Merging Layer

INFO:root:
Input h1 dimensions: [1, channels, height, width] = torch.Size([1, 384, 4, 7])

INFO:root:torch.Size([1, 640, 8, 14])
INFO:root:
Input h2 dimensions: [1, channels, height, width] = torch.Size([1, 128, 8, 14])

INFO:root:torch.Size([1, 256, 16, 28])
INFO:root:
Input h3 dimensions: [1, channels, height, width] = torch.Size([1, 64, 16, 28])

INFO:root:torch.Size([1, 128, 32, 56])
INFO:root:
Input h4 dimensions: [1, channels, height, width] = torch.Size([1, 32, 32, 56])

INFO:root:
Input h5 dimensions: [1, channels, height, width] = torch.Size([1, 32, 32, 56])

INFO:root:Output Layer

INFO:root:
Input h5 dimensions: [1, channels, height, width] = torch.Size([1, 32, 32, 56])

INFO:root:
Score map dimensions: torch.Size([1, 1, 32, 56])
INFO:root:
Score map: tensor([[[[0.9999, 0.9980, 0.9997,  ..., 0.9989, 0.9977, 0.9858],
          [0.9999, 0.9980, 0.9992,  ..., 0.9965, 0.9811, 0.9851],
          [1.0000, 0.9998, 0.9967,  ..., 0.3760, 0.6834, 0.9809],
          ...,
          [0.9974, 0.0233, 0.8409,  ..., 0.9998, 0.8718, 0.9994],
          [0.9978, 0.0601, 0.9491,  ..., 0.9941, 0.9947, 0.9996],
          [0.9994, 0.9489, 0.9988,  ..., 0.9836, 0.9673, 0.9846]]]],
       grad_fn=<SigmoidBackward>)

INFO:root:
Geometry map dimensions: torch.Size([1, 8, 32, 56])
INFO:root:
Geometry map: tensor([[[[0.4509, 0.4915, 0.5995,  ..., 0.6379, 0.5036, 0.6244],
          [0.2676, 0.7176, 0.4946,  ..., 0.4859, 0.4524, 0.7097],
          [0.3859, 0.4554, 0.4952,  ..., 0.6472, 0.8664, 0.7133],
          ...,
          [0.5986, 0.7649, 0.7982,  ..., 0.8205, 0.7787, 0.9037],
          [0.3294, 0.8021, 0.6095,  ..., 0.3015, 0.7302, 0.7844],
          [0.3707, 0.3147, 0.5197,  ..., 0.5831, 0.4578, 0.6667]],

         [[0.4494, 0.6049, 0.6919,  ..., 0.8950, 0.6951, 0.6463],
          [0.3412, 0.2403, 0.4071,  ..., 0.6123, 0.1653, 0.6618],
          [0.4452, 0.6662, 0.4106,  ..., 0.6257, 0.3347, 0.8353],
          ...,
          [0.6754, 0.5469, 0.7760,  ..., 0.5965, 0.6318, 0.5696],
          [0.7340, 0.4423, 0.7575,  ..., 0.3164, 0.3442, 0.5414],
          [0.4944, 0.3977, 0.3587,  ..., 0.4644, 0.3033, 0.3757]],

         [[0.2469, 0.3475, 0.4664,  ..., 0.4196, 0.5202, 0.3016],
          [0.4266, 0.2421, 0.3278,  ..., 0.3802, 0.2983, 0.1725],
          [0.3525, 0.3960, 0.2060,  ..., 0.2432, 0.0803, 0.2387],
          ...,
          [0.3249, 0.0491, 0.1982,  ..., 0.4230, 0.1462, 0.5971],
          [0.1204, 0.0959, 0.2061,  ..., 0.3965, 0.7800, 0.5711],
          [0.1505, 0.1555, 0.1478,  ..., 0.7537, 0.7219, 0.6152]],

         ...,

         [[0.8930, 0.9411, 0.8604,  ..., 0.9069, 0.8661, 0.8528],
          [0.9266, 0.8619, 0.8492,  ..., 0.9270, 0.9189, 0.7778],
          [0.9133, 0.9248, 0.8129,  ..., 0.9198, 0.7624, 0.5341],
          ...,
          [0.8007, 0.9183, 0.9141,  ..., 0.9741, 0.8181, 0.8947],
          [0.7861, 0.8980, 0.8317,  ..., 0.9923, 0.9851, 0.9788],
          [0.7582, 0.8090, 0.8777,  ..., 0.8327, 0.8721, 0.9384]],

         [[0.6423, 0.4632, 0.5330,  ..., 0.2199, 0.3437, 0.3449],
          [0.4900, 0.3092, 0.6183,  ..., 0.3365, 0.4763, 0.2770],
          [0.5275, 0.7584, 0.9200,  ..., 0.2246, 0.3311, 0.2686],
          ...,
          [0.6165, 0.0600, 0.0616,  ..., 0.0020, 0.0798, 0.3363],
          [0.8771, 0.4137, 0.2425,  ..., 0.0060, 0.0538, 0.0911],
          [0.6174, 0.6348, 0.2278,  ..., 0.2404, 0.1668, 0.0795]],

         [[0.3833, 0.2523, 0.3638,  ..., 0.2788, 0.5064, 0.3635],
          [0.5814, 0.5281, 0.6515,  ..., 0.4296, 0.5646, 0.5762],
          [0.4581, 0.3464, 0.5871,  ..., 0.1983, 0.2052, 0.3414],
          ...,
          [0.1607, 0.3297, 0.4540,  ..., 0.9919, 0.9649, 0.8430],
          [0.0626, 0.2377, 0.2342,  ..., 0.1662, 0.4877, 0.6849],
          [0.0420, 0.1960, 0.4639,  ..., 0.3955, 0.2499, 0.2761]]]],
       grad_fn=<SigmoidBackward>)

INFO:root:
Range of values in geometry map: (2.1254024886729894e-06, 0.9999929666519165)

INFO:root:-------------------------------------------------
INFO:root:Image #1

INFO:root:Feature Merging Layer

INFO:root:
Input h1 dimensions: [1, channels, height, width] = torch.Size([1, 384, 4, 7])

INFO:root:torch.Size([1, 640, 8, 14])
INFO:root:
Input h2 dimensions: [1, channels, height, width] = torch.Size([1, 128, 8, 14])

INFO:root:torch.Size([1, 256, 16, 28])
INFO:root:
Input h3 dimensions: [1, channels, height, width] = torch.Size([1, 64, 16, 28])

INFO:root:torch.Size([1, 128, 32, 56])
INFO:root:
Input h4 dimensions: [1, channels, height, width] = torch.Size([1, 32, 32, 56])

INFO:root:
Input h5 dimensions: [1, channels, height, width] = torch.Size([1, 32, 32, 56])

INFO:root:Output Layer

INFO:root:
Input h5 dimensions: [1, channels, height, width] = torch.Size([1, 32, 32, 56])

INFO:root:
Score map dimensions: torch.Size([1, 1, 32, 56])
INFO:root:
Score map: tensor([[[[1.0000, 0.4641, 0.9614,  ..., 0.9924, 0.9731, 0.9969],
          [1.0000, 0.1335, 0.8448,  ..., 0.3541, 0.6261, 0.9986],
          [0.9993, 0.7088, 0.9916,  ..., 1.0000, 0.9895, 0.9997],
          ...,
          [0.9992, 0.2702, 0.5381,  ..., 0.7239, 0.7964, 0.9929],
          [0.9999, 0.7598, 0.9638,  ..., 0.9869, 0.9899, 0.9555],
          [0.9999, 0.9934, 0.9997,  ..., 0.9737, 0.9982, 0.9959]]]],
       grad_fn=<SigmoidBackward>)

INFO:root:
Geometry map dimensions: torch.Size([1, 8, 32, 56])
INFO:root:
Geometry map: tensor([[[[0.4172, 0.4335, 0.8576,  ..., 0.9214, 0.9106, 0.7868],
          [0.3284, 0.7809, 0.8329,  ..., 0.7009, 0.7505, 0.7407],
          [0.2563, 0.7314, 0.9461,  ..., 0.6895, 0.8182, 0.3982],
          ...,
          [0.6191, 0.7381, 0.9178,  ..., 0.7801, 0.9025, 0.8359],
          [0.4172, 0.7944, 0.8896,  ..., 0.9255, 0.8828, 0.8494],
          [0.3577, 0.3394, 0.4152,  ..., 0.8112, 0.8746, 0.7078]],

         [[0.8268, 0.9162, 0.4425,  ..., 0.7777, 0.8966, 0.8950],
          [0.3934, 0.7448, 0.6928,  ..., 0.2911, 0.4674, 0.6841],
          [0.5742, 0.8667, 0.5634,  ..., 0.7437, 0.6286, 0.6572],
          ...,
          [0.6087, 0.4202, 0.5440,  ..., 0.7824, 0.4707, 0.7413],
          [0.6945, 0.3870, 0.6860,  ..., 0.8988, 0.6321, 0.6515],
          [0.4972, 0.4962, 0.6703,  ..., 0.6431, 0.5613, 0.4884]],

         [[0.5763, 0.2467, 0.3101,  ..., 0.3371, 0.1271, 0.4270],
          [0.1426, 0.0947, 0.5900,  ..., 0.0490, 0.0190, 0.2244],
          [0.1673, 0.0727, 0.6197,  ..., 0.2596, 0.0212, 0.3018],
          ...,
          [0.4403, 0.1213, 0.1467,  ..., 0.3035, 0.2424, 0.3184],
          [0.1692, 0.1607, 0.2018,  ..., 0.0530, 0.0627, 0.3502],
          [0.1481, 0.2044, 0.3487,  ..., 0.1389, 0.1291, 0.3355]],

         ...,

         [[0.8672, 0.7488, 0.8191,  ..., 0.7857, 0.9515, 0.6644],
          [0.7682, 0.8368, 0.9364,  ..., 0.8753, 0.9503, 0.8407],
          [0.7070, 0.9558, 0.9769,  ..., 0.8736, 0.8333, 0.9126],
          ...,
          [0.8201, 0.9548, 0.8113,  ..., 0.7646, 0.7874, 0.8801],
          [0.7373, 0.9008, 0.8738,  ..., 0.8636, 0.8285, 0.7744],
          [0.7905, 0.8579, 0.8763,  ..., 0.9011, 0.8910, 0.8878]],

         [[0.7233, 0.2667, 0.1485,  ..., 0.2889, 0.2070, 0.2239],
          [0.7846, 0.1922, 0.2043,  ..., 0.1625, 0.5096, 0.1608],
          [0.8960, 0.3629, 0.6752,  ..., 0.5013, 0.4502, 0.3983],
          ...,
          [0.6643, 0.0866, 0.1858,  ..., 0.4216, 0.4970, 0.3360],
          [0.8785, 0.3302, 0.4621,  ..., 0.4364, 0.7555, 0.3888],
          [0.5525, 0.5677, 0.2877,  ..., 0.6813, 0.6550, 0.2761]],

         [[0.7048, 0.1301, 0.6917,  ..., 0.2604, 0.1629, 0.2170],
          [0.6477, 0.1695, 0.4301,  ..., 0.4543, 0.2024, 0.6108],
          [0.3983, 0.0978, 0.5965,  ..., 0.7073, 0.0566, 0.4374],
          ...,
          [0.3796, 0.5377, 0.3488,  ..., 0.3243, 0.6156, 0.6479],
          [0.1638, 0.4311, 0.3424,  ..., 0.2729, 0.5157, 0.4759],
          [0.1053, 0.2023, 0.4073,  ..., 0.2562, 0.4604, 0.5764]]]],
       grad_fn=<SigmoidBackward>)

INFO:root:
Range of values in geometry map: (4.6225241021602415e-06, 0.9999982118606567)

INFO:root:-------------------------------------------------
INFO:root:Finished

INFO:root:
Started
INFO:root:Image #0

INFO:root:Feature Merging Layer

INFO:root:
Input h1 dimensions: [1, channels, height, width] = torch.Size([1, 384, 4, 7])

INFO:root:torch.Size([1, 640, 8, 14])
INFO:root:
Input h2 dimensions: [1, channels, height, width] = torch.Size([1, 128, 8, 14])

INFO:root:torch.Size([1, 256, 16, 28])
INFO:root:
Input h3 dimensions: [1, channels, height, width] = torch.Size([1, 64, 16, 28])

INFO:root:torch.Size([1, 128, 32, 56])
INFO:root:
Input h4 dimensions: [1, channels, height, width] = torch.Size([1, 32, 32, 56])

INFO:root:
Input h5 dimensions: [1, channels, height, width] = torch.Size([1, 32, 32, 56])

INFO:root:Output Layer

INFO:root:
Input h5 dimensions: [1, channels, height, width] = torch.Size([1, 32, 32, 56])

INFO:root:
Score map dimensions: torch.Size([1, 1, 32, 56])
INFO:root:
Score map: tensor([[[[1.4796e-02, 5.3332e-01, 7.7217e-02,  ..., 1.1129e-04,
           2.8966e-02, 7.0939e-01],
          [4.0636e-03, 2.0809e-01, 5.6902e-01,  ..., 1.1740e-01,
           8.6333e-01, 8.8247e-01],
          [2.8251e-01, 3.6952e-01, 2.2192e-01,  ..., 4.4550e-02,
           1.2490e-01, 2.5459e-01],
          ...,
          [7.7763e-01, 4.1954e-01, 5.8408e-01,  ..., 4.2339e-07,
           1.1448e-05, 6.8978e-01],
          [8.3105e-01, 3.2603e-01, 6.5339e-01,  ..., 3.1575e-07,
           5.5442e-15, 5.4478e-08],
          [9.6885e-01, 9.2921e-01, 8.3465e-01,  ..., 1.6150e-02,
           7.1403e-05, 2.4641e-03]]]], grad_fn=<SigmoidBackward>)

INFO:root:
Geometry map dimensions: torch.Size([1, 8, 32, 56])
INFO:root:
Geometry map: tensor([[[[9.3059e-01, 8.0989e-01, 9.4792e-01,  ..., 7.9328e-01,
           9.2642e-01, 7.9355e-01],
          [9.7108e-01, 6.5099e-01, 8.2136e-01,  ..., 8.7763e-01,
           6.6813e-01, 7.1549e-01],
          [9.3927e-01, 4.9236e-01, 6.5172e-01,  ..., 6.3991e-01,
           4.4664e-01, 8.4515e-01],
          ...,
          [6.3068e-01, 7.1233e-01, 8.7431e-01,  ..., 9.8306e-01,
           7.1810e-01, 3.3328e-01],
          [6.1734e-01, 8.4540e-01, 7.9315e-01,  ..., 5.3981e-01,
           6.7106e-01, 6.7083e-01],
          [5.3046e-01, 4.7195e-01, 5.5681e-01,  ..., 9.2118e-01,
           7.7816e-01, 9.0576e-01]],

         [[8.9339e-01, 6.5882e-01, 6.5259e-01,  ..., 7.0430e-01,
           7.0731e-01, 7.5718e-01],
          [8.6845e-01, 5.9791e-01, 6.3479e-01,  ..., 7.2906e-01,
           6.9662e-01, 6.7140e-01],
          [8.8849e-01, 7.1238e-01, 5.9920e-01,  ..., 7.6160e-01,
           8.7625e-01, 6.4132e-01],
          ...,
          [3.7483e-01, 4.1624e-01, 2.2871e-01,  ..., 9.2009e-01,
           3.0552e-01, 6.8699e-01],
          [4.3401e-01, 2.9004e-01, 2.5560e-01,  ..., 9.7486e-01,
           7.6499e-01, 6.5965e-01],
          [2.7045e-01, 2.0551e-01, 2.9624e-01,  ..., 9.1619e-01,
           8.4812e-01, 9.7731e-01]],

         [[5.1317e-01, 1.5339e-01, 1.5200e-01,  ..., 4.5339e-01,
           8.2908e-01, 7.4286e-01],
          [3.7268e-01, 5.8262e-01, 3.4436e-01,  ..., 2.4862e-01,
           6.0368e-01, 3.6670e-01],
          [1.8830e-01, 2.9516e-01, 3.6593e-01,  ..., 2.8567e-01,
           6.0876e-01, 1.2014e-01],
          ...,
          [8.5728e-01, 7.9570e-01, 4.8252e-01,  ..., 8.8605e-01,
           9.3083e-01, 5.3832e-01],
          [7.2149e-01, 6.3194e-01, 6.4098e-01,  ..., 6.4084e-01,
           8.2550e-01, 1.6678e-02],
          [7.5034e-01, 6.9407e-01, 5.4451e-01,  ..., 3.7866e-01,
           2.4525e-01, 1.2444e-01]],

         ...,

         [[2.0371e-01, 1.1662e-01, 4.0843e-01,  ..., 8.8929e-01,
           7.5746e-01, 6.6143e-01],
          [6.5801e-02, 6.4455e-02, 8.9324e-02,  ..., 5.1729e-01,
           1.3618e-01, 6.1407e-01],
          [6.1468e-02, 1.4911e-01, 7.0476e-02,  ..., 1.7114e-01,
           8.6849e-02, 7.4383e-01],
          ...,
          [5.9313e-02, 4.8160e-01, 4.4828e-01,  ..., 1.5744e-05,
           7.5214e-04, 1.4361e-03],
          [1.8828e-01, 6.1877e-01, 4.8789e-01,  ..., 6.6891e-05,
           3.7327e-02, 3.0355e-03],
          [1.0031e-01, 2.8426e-01, 1.4100e-01,  ..., 5.1197e-04,
           2.8889e-02, 5.1773e-02]],

         [[7.8760e-01, 6.8058e-01, 5.3479e-01,  ..., 2.2802e-01,
           1.0802e-01, 1.3222e-01],
          [7.3809e-01, 5.6090e-01, 4.1300e-01,  ..., 5.2548e-01,
           6.9453e-01, 5.8137e-01],
          [9.1350e-01, 8.2039e-01, 4.9876e-01,  ..., 5.7347e-01,
           6.9903e-01, 7.3708e-01],
          ...,
          [3.4518e-01, 3.2023e-01, 5.1251e-01,  ..., 2.4180e-02,
           3.1989e-01, 9.9113e-01],
          [3.0292e-01, 3.8098e-01, 5.0631e-01,  ..., 4.4347e-01,
           1.6045e-01, 9.2064e-01],
          [4.7333e-01, 4.3933e-01, 7.2525e-01,  ..., 7.7635e-01,
           6.4616e-01, 8.1359e-01]],

         [[3.8477e-01, 3.5762e-01, 5.0668e-01,  ..., 3.5649e-01,
           3.8896e-01, 2.4549e-01],
          [4.0091e-01, 2.0927e-01, 3.9374e-01,  ..., 3.1983e-01,
           5.3367e-01, 3.2963e-01],
          [4.7734e-01, 5.3442e-01, 6.7677e-01,  ..., 2.6478e-01,
           5.2009e-01, 4.7287e-01],
          ...,
          [1.8860e-01, 2.9431e-01, 5.5019e-01,  ..., 7.2396e-01,
           3.9848e-01, 1.6960e-02],
          [2.8291e-01, 5.5699e-01, 4.8992e-01,  ..., 2.8210e-01,
           4.2169e-03, 2.0284e-01],
          [1.9896e-01, 2.4114e-01, 2.3045e-01,  ..., 1.5147e-01,
           4.4219e-01, 2.7074e-01]]]], grad_fn=<SigmoidBackward>)

INFO:root:
Range of values in geometry map: (9.846041848504683e-07, 0.9998956918716431)

INFO:root:-------------------------------------------------
INFO:root:Image #1

INFO:root:Feature Merging Layer

INFO:root:
Input h1 dimensions: [1, channels, height, width] = torch.Size([1, 384, 4, 7])

INFO:root:torch.Size([1, 640, 8, 14])
INFO:root:
Input h2 dimensions: [1, channels, height, width] = torch.Size([1, 128, 8, 14])

INFO:root:torch.Size([1, 256, 16, 28])
INFO:root:
Input h3 dimensions: [1, channels, height, width] = torch.Size([1, 64, 16, 28])

INFO:root:torch.Size([1, 128, 32, 56])
INFO:root:
Input h4 dimensions: [1, channels, height, width] = torch.Size([1, 32, 32, 56])

INFO:root:
Input h5 dimensions: [1, channels, height, width] = torch.Size([1, 32, 32, 56])

INFO:root:Output Layer

INFO:root:
Input h5 dimensions: [1, channels, height, width] = torch.Size([1, 32, 32, 56])

INFO:root:
Score map dimensions: torch.Size([1, 1, 32, 56])
INFO:root:
Score map: tensor([[[[4.7987e-02, 3.2026e-03, 3.0758e-01,  ..., 1.2373e-02,
           3.6025e-02, 7.4510e-01],
          [3.6578e-01, 8.0578e-05, 9.4754e-01,  ..., 3.6383e-01,
           8.1992e-02, 3.7067e-01],
          [8.6951e-02, 3.0122e-03, 1.3116e-01,  ..., 4.1082e-01,
           4.4718e-01, 4.2636e-01],
          ...,
          [6.8967e-01, 1.4480e-01, 3.6072e-02,  ..., 7.2811e-01,
           7.3250e-01, 7.2068e-01],
          [2.4211e-01, 7.0558e-02, 2.0761e-02,  ..., 8.4589e-01,
           7.5466e-01, 8.4972e-01],
          [9.5793e-01, 1.2145e-01, 5.0767e-02,  ..., 8.5238e-01,
           5.8287e-02, 2.5186e-01]]]], grad_fn=<SigmoidBackward>)

INFO:root:
Geometry map dimensions: torch.Size([1, 8, 32, 56])
INFO:root:
Geometry map: tensor([[[[0.9028, 0.8134, 0.9902,  ..., 0.9101, 0.8151, 0.7879],
          [0.9392, 0.7961, 0.8648,  ..., 0.6059, 0.7611, 0.8028],
          [0.8143, 0.7319, 0.9366,  ..., 0.7315, 0.6113, 0.4183],
          ...,
          [0.4924, 0.4429, 0.6059,  ..., 0.5552, 0.3969, 0.7447],
          [0.4917, 0.6303, 0.7863,  ..., 0.8642, 0.6389, 0.9148],
          [0.5691, 0.4691, 0.6247,  ..., 0.6616, 0.6128, 0.8343]],

         [[0.3600, 0.3956, 0.8302,  ..., 0.7640, 0.8100, 0.6042],
          [0.6692, 0.1850, 0.5094,  ..., 0.5950, 0.6755, 0.5336],
          [0.5392, 0.5459, 0.8869,  ..., 0.7332, 0.7633, 0.4120],
          ...,
          [0.2964, 0.3905, 0.2257,  ..., 0.5028, 0.4546, 0.6064],
          [0.4349, 0.4700, 0.1231,  ..., 0.3084, 0.3107, 0.5749],
          [0.2271, 0.1880, 0.4094,  ..., 0.6686, 0.3449, 0.3290]],

         [[0.4655, 0.2306, 0.0095,  ..., 0.1086, 0.1819, 0.3654],
          [0.1395, 0.6840, 0.0606,  ..., 0.2137, 0.2987, 0.2075],
          [0.2793, 0.2756, 0.0392,  ..., 0.2077, 0.3583, 0.2268],
          ...,
          [0.7022, 0.8178, 0.5216,  ..., 0.6169, 0.8195, 0.3596],
          [0.7490, 0.6613, 0.6575,  ..., 0.6794, 0.7909, 0.1707],
          [0.7834, 0.5034, 0.4432,  ..., 0.7654, 0.6286, 0.2855]],

         ...,

         [[0.7886, 0.8733, 0.8023,  ..., 0.3449, 0.3342, 0.6537],
          [0.3729, 0.6973, 0.1369,  ..., 0.0354, 0.0488, 0.1418],
          [0.1143, 0.9437, 0.6149,  ..., 0.1670, 0.0265, 0.1338],
          ...,
          [0.1962, 0.3654, 0.4826,  ..., 0.4225, 0.1238, 0.4815],
          [0.2012, 0.4002, 0.4631,  ..., 0.3617, 0.0556, 0.2875],
          [0.0771, 0.1988, 0.3021,  ..., 0.1514, 0.0992, 0.4956]],

         [[0.1661, 0.3669, 0.3823,  ..., 0.6006, 0.3998, 0.1145],
          [0.2776, 0.5031, 0.4410,  ..., 0.3619, 0.2379, 0.1101],
          [0.4207, 0.3491, 0.8679,  ..., 0.5259, 0.5387, 0.4097],
          ...,
          [0.4321, 0.2469, 0.4577,  ..., 0.4621, 0.7029, 0.6058],
          [0.1773, 0.3492, 0.4892,  ..., 0.3671, 0.4145, 0.5263],
          [0.3555, 0.5648, 0.8439,  ..., 0.3020, 0.6690, 0.5440]],

         [[0.2033, 0.5271, 0.6201,  ..., 0.7817, 0.7452, 0.4592],
          [0.1392, 0.1824, 0.7805,  ..., 0.0375, 0.0639, 0.1835],
          [0.2360, 0.2050, 0.7370,  ..., 0.6068, 0.5842, 0.6059],
          ...,
          [0.3188, 0.0942, 0.3939,  ..., 0.4249, 0.1005, 0.1350],
          [0.2036, 0.2000, 0.4674,  ..., 0.5963, 0.2680, 0.2194],
          [0.1940, 0.2890, 0.3944,  ..., 0.1672, 0.1295, 0.1094]]]],
       grad_fn=<SigmoidBackward>)

INFO:root:
Range of values in geometry map: (5.896496986679267e-06, 0.9999833106994629)

INFO:root:-------------------------------------------------
INFO:root:Finished

